#
# There is insufficient memory for the Java Runtime Environment to continue.
# Native memory allocation (malloc) failed to allocate 544736 bytes for Chunk::new
# Possible reasons:
#   The system is out of physical RAM or swap space
#   The process is running with CompressedOops enabled, and the Java Heap may be blocking the growth of the native heap
# Possible solutions:
#   Reduce memory load on the system
#   Increase physical memory or swap space
#   Check if swap backing store is full
#   Decrease Java heap size (-Xmx/-Xms)
#   Decrease number of Java threads
#   Decrease Java thread stack sizes (-Xss)
#   Set larger code cache with -XX:ReservedCodeCacheSize=
#   JVM is running with Unscaled Compressed Oops mode in which the Java heap is
#     placed in the first 4GB address space. The Java Heap base address is the
#     maximum limit for the native heap growth. Please use -XX:HeapBaseMinAddress
#     to set the Java Heap base and to place the Java Heap above 4GB virtual address.
# This output file may be truncated or incomplete.
#
#  Out of Memory Error (./src/hotspot/share/memory/arena.cpp:197), pid=17216, tid=17280
#
# JRE version: OpenJDK Runtime Environment JBR-11.0.8.10-944.34-jcef (11.0.8+10) (build 11.0.8+10-b944.34)
# Java VM: OpenJDK 64-Bit Server VM JBR-11.0.8.10-944.34-jcef (11.0.8+10-b944.34, mixed mode, tiered, compressed oops, g1 gc, windows-amd64)
# No core dump will be written. Minidumps are not enabled by default on client versions of Windows
#

---------------  S U M M A R Y ------------

Command Line: -Xmx64m -Xms64m -Dorg.gradle.appname=gradlew org.gradle.wrapper.GradleWrapperMain :Bulls_and_Cows-task:testClasses

Host: Intel(R) Core(TM) i7-4510U CPU @ 2.00GHz, 4 cores, 15G,  Windows 10 , 64 bit Build 18362 (10.0.18362.1110)
Time: Thu Dec 10 17:33:59 2020 W. Europe Standard Time elapsed time: 3 seconds (0d 0h 0m 3s)

---------------  T H R E A D  ---------------

Current thread (0x000001cc41bc6000):  JavaThread "C2 CompilerThread0" daemon [_thread_in_native, id=17280, stack(0x0000009324500000,0x0000009324600000)]


Current CompileTask:
C2:   3254 1225       4       java.util.HashSet::add (20 bytes)

Stack: [0x0000009324500000,0x0000009324600000]
Native frames: (J=compiled Java code, j=interpreted, Vv=VM code, C=native code)
V  [jvm.dll+0x5de35a]
V  [jvm.dll+0x712355]
V  [jvm.dll+0x7138ad]
V  [jvm.dll+0x713f63]
V  [jvm.dll+0x23e628]
V  [jvm.dll+0xb8bcc]
V  [jvm.dll+0xb90cc]
V  [jvm.dll+0x2b1f04]
V  [jvm.dll+0x501eb8]
V  [jvm.dll+0x1ff243]
V  [jvm.dll+0x1f905c]
V  [jvm.dll+0x1f673f]
V  [jvm.dll+0x17f40c]
V  [jvm.dll+0x204ee7]
V  [jvm.dll+0x203731]
V  [jvm.dll+0x6dab8f]
V  [jvm.dll+0x6d36e5]
V  [jvm.dll+0x5dd306]
C  [ucrtbase.dll+0x210b2]
C  [KERNEL32.DLL+0x17c24]
C  [ntdll.dll+0x6d4d1]


---------------  P R O C E S S  ---------------

Threads class SMR info:
_java_thread_list=0x000001cc42dba300, length=12, elements={
0x000001cc2c4dd800, 0x000001cc41ba2000, 0x000001cc41ba5800, 0x000001cc41bbf800,
0x000001cc41bc1000, 0x000001cc41bc6000, 0x000001cc41c1c800, 0x000001cc41c27000,
0x000001cc41e6e800, 0x000001cc41e74000, 0x000001cc42c19800, 0x000001cc41c17000
}

Java Threads: ( => current thread )
  0x000001cc2c4dd800 JavaThread "main" [_thread_in_Java, id=17236, stack(0x0000009323a00000,0x0000009323b00000)]
  0x000001cc41ba2000 JavaThread "Reference Handler" daemon [_thread_blocked, id=17264, stack(0x0000009324100000,0x0000009324200000)]
  0x000001cc41ba5800 JavaThread "Finalizer" daemon [_thread_blocked, id=17268, stack(0x0000009324200000,0x0000009324300000)]
  0x000001cc41bbf800 JavaThread "Signal Dispatcher" daemon [_thread_blocked, id=17272, stack(0x0000009324300000,0x0000009324400000)]
  0x000001cc41bc1000 JavaThread "Attach Listener" daemon [_thread_blocked, id=17276, stack(0x0000009324400000,0x0000009324500000)]
=>0x000001cc41bc6000 JavaThread "C2 CompilerThread0" daemon [_thread_in_native, id=17280, stack(0x0000009324500000,0x0000009324600000)]
  0x000001cc41c1c800 JavaThread "C1 CompilerThread0" daemon [_thread_in_native, id=17284, stack(0x0000009324600000,0x0000009324700000)]
  0x000001cc41c27000 JavaThread "Sweeper thread" daemon [_thread_blocked, id=17288, stack(0x0000009324700000,0x0000009324800000)]
  0x000001cc41e6e800 JavaThread "Service Thread" daemon [_thread_blocked, id=17292, stack(0x0000009324800000,0x0000009324900000)]
  0x000001cc41e74000 JavaThread "Common-Cleaner" daemon [_thread_blocked, id=17300, stack(0x0000009324a00000,0x0000009324b00000)]
  0x000001cc42c19800 JavaThread "pool-1-thread-1" [_thread_blocked, id=17320, stack(0x0000009324d00000,0x0000009324e00000)]
  0x000001cc41c17000 JavaThread "C2 CompilerThread1" daemon [_thread_in_native, id=17368, stack(0x0000009325100000,0x0000009325200000)]

Other Threads:
  0x000001cc41b80000 VMThread "VM Thread" [stack: 0x0000009324000000,0x0000009324100000] [id=17260]
  0x000001cc41e6f800 WatcherThread [stack: 0x0000009324900000,0x0000009324a00000] [id=17296]
  0x000001cc2c4f4000 GCTaskThread "GC Thread#0" [stack: 0x0000009323b00000,0x0000009323c00000] [id=17240]
  0x000001cc4213e800 GCTaskThread "GC Thread#1" [stack: 0x0000009324c00000,0x0000009324d00000] [id=17316]
  0x000001cc42ee6000 GCTaskThread "GC Thread#2" [stack: 0x0000009324e00000,0x0000009324f00000] [id=17324]
  0x000001cc42ed8800 GCTaskThread "GC Thread#3" [stack: 0x0000009324f00000,0x0000009325000000] [id=17328]
  0x000001cc2c4fc800 ConcurrentGCThread "G1 Main Marker" [stack: 0x0000009323c00000,0x0000009323d00000] [id=17244]
  0x000001cc2c4fe000 ConcurrentGCThread "G1 Conc#0" [stack: 0x0000009323d00000,0x0000009323e00000] [id=17248]
  0x000001cc2c556000 ConcurrentGCThread "G1 Refine#0" [stack: 0x0000009323e00000,0x0000009323f00000] [id=17252]
  0x000001cc2c557000 ConcurrentGCThread "G1 Young RemSet Sampling" [stack: 0x0000009323f00000,0x0000009324000000] [id=17256]

Threads with active compile tasks:
C2 CompilerThread0   3286 1225       4       java.util.HashSet::add (20 bytes)
C2 CompilerThread1   3286 1213       4       java.util.HashMap::put (13 bytes)

VM state:not at safepoint (normal execution)

VM Mutex/Monitor currently owned by a thread: None

Heap address: 0x00000000fc000000, size: 64 MB, Compressed Oops mode: 32-bit
Narrow klass base: 0x0000000000000000, Narrow klass shift: 3
Compressed class space size: 1073741824 Address: 0x0000000100000000

Heap:
 garbage-first heap   total 65536K, used 19099K [0x00000000fc000000, 0x0000000100000000)
  region size 1024K, 12 young (12288K), 1 survivors (1024K)
 Metaspace       used 14910K, capacity 15199K, committed 15488K, reserved 1062912K
  class space    used 1704K, capacity 1838K, committed 1920K, reserved 1048576K
Heap Regions: E=young(eden), S=young(survivor), O=old, HS=humongous(starts), HC=humongous(continues), CS=collection set, F=free, A=archive, TAMS=top-at-mark-start (previous, next)
|   0|0x00000000fc000000, 0x00000000fc100000, 0x00000000fc100000|100%| O|  |TAMS 0x00000000fc000000, 0x00000000fc000000| Untracked 
|   1|0x00000000fc100000, 0x00000000fc1c5400, 0x00000000fc200000| 77%| O|  |TAMS 0x00000000fc100000, 0x00000000fc100000| Untracked 
|   2|0x00000000fc200000, 0x00000000fc200000, 0x00000000fc300000|  0%| F|  |TAMS 0x00000000fc200000, 0x00000000fc200000| Untracked 
|   3|0x00000000fc300000, 0x00000000fc400000, 0x00000000fc400000|100%|HS|  |TAMS 0x00000000fc300000, 0x00000000fc300000| Complete 
|   4|0x00000000fc400000, 0x00000000fc500000, 0x00000000fc500000|100%|HC|  |TAMS 0x00000000fc400000, 0x00000000fc400000| Complete 
|   5|0x00000000fc500000, 0x00000000fc600000, 0x00000000fc600000|100%|HC|  |TAMS 0x00000000fc500000, 0x00000000fc500000| Complete 
|   6|0x00000000fc600000, 0x00000000fc700000, 0x00000000fc700000|100%| O|  |TAMS 0x00000000fc600000, 0x00000000fc600000| Untracked 
|   7|0x00000000fc700000, 0x00000000fc800000, 0x00000000fc800000|100%| O|  |TAMS 0x00000000fc700000, 0x00000000fc700000| Untracked 
|   8|0x00000000fc800000, 0x00000000fc900000, 0x00000000fc900000|100%| O|  |TAMS 0x00000000fc800000, 0x00000000fc800000| Untracked 
|   9|0x00000000fc900000, 0x00000000fc900000, 0x00000000fca00000|  0%| F|  |TAMS 0x00000000fc900000, 0x00000000fc900000| Untracked 
|  10|0x00000000fca00000, 0x00000000fca00000, 0x00000000fcb00000|  0%| F|  |TAMS 0x00000000fca00000, 0x00000000fca00000| Untracked 
|  11|0x00000000fcb00000, 0x00000000fcb00000, 0x00000000fcc00000|  0%| F|  |TAMS 0x00000000fcb00000, 0x00000000fcb00000| Untracked 
|  12|0x00000000fcc00000, 0x00000000fcc00000, 0x00000000fcd00000|  0%| F|  |TAMS 0x00000000fcc00000, 0x00000000fcc00000| Untracked 
|  13|0x00000000fcd00000, 0x00000000fcd00000, 0x00000000fce00000|  0%| F|  |TAMS 0x00000000fcd00000, 0x00000000fcd00000| Untracked 
|  14|0x00000000fce00000, 0x00000000fce00000, 0x00000000fcf00000|  0%| F|  |TAMS 0x00000000fce00000, 0x00000000fce00000| Untracked 
|  15|0x00000000fcf00000, 0x00000000fcf00000, 0x00000000fd000000|  0%| F|  |TAMS 0x00000000fcf00000, 0x00000000fcf00000| Untracked 
|  16|0x00000000fd000000, 0x00000000fd000000, 0x00000000fd100000|  0%| F|  |TAMS 0x00000000fd000000, 0x00000000fd000000| Untracked 
|  17|0x00000000fd100000, 0x00000000fd100000, 0x00000000fd200000|  0%| F|  |TAMS 0x00000000fd100000, 0x00000000fd100000| Untracked 
|  18|0x00000000fd200000, 0x00000000fd200000, 0x00000000fd300000|  0%| F|  |TAMS 0x00000000fd200000, 0x00000000fd200000| Untracked 
|  19|0x00000000fd300000, 0x00000000fd300000, 0x00000000fd400000|  0%| F|  |TAMS 0x00000000fd300000, 0x00000000fd300000| Untracked 
|  20|0x00000000fd400000, 0x00000000fd400000, 0x00000000fd500000|  0%| F|  |TAMS 0x00000000fd400000, 0x00000000fd400000| Untracked 
|  21|0x00000000fd500000, 0x00000000fd500000, 0x00000000fd600000|  0%| F|  |TAMS 0x00000000fd500000, 0x00000000fd500000| Untracked 
|  22|0x00000000fd600000, 0x00000000fd600000, 0x00000000fd700000|  0%| F|  |TAMS 0x00000000fd600000, 0x00000000fd600000| Untracked 
|  23|0x00000000fd700000, 0x00000000fd700000, 0x00000000fd800000|  0%| F|  |TAMS 0x00000000fd700000, 0x00000000fd700000| Untracked 
|  24|0x00000000fd800000, 0x00000000fd800000, 0x00000000fd900000|  0%| F|  |TAMS 0x00000000fd800000, 0x00000000fd800000| Untracked 
|  25|0x00000000fd900000, 0x00000000fd900000, 0x00000000fda00000|  0%| F|  |TAMS 0x00000000fd900000, 0x00000000fd900000| Untracked 
|  26|0x00000000fda00000, 0x00000000fda00000, 0x00000000fdb00000|  0%| F|  |TAMS 0x00000000fda00000, 0x00000000fda00000| Untracked 
|  27|0x00000000fdb00000, 0x00000000fdb00000, 0x00000000fdc00000|  0%| F|  |TAMS 0x00000000fdb00000, 0x00000000fdb00000| Untracked 
|  28|0x00000000fdc00000, 0x00000000fdc00000, 0x00000000fdd00000|  0%| F|  |TAMS 0x00000000fdc00000, 0x00000000fdc00000| Untracked 
|  29|0x00000000fdd00000, 0x00000000fdd00000, 0x00000000fde00000|  0%| F|  |TAMS 0x00000000fdd00000, 0x00000000fdd00000| Untracked 
|  30|0x00000000fde00000, 0x00000000fde00000, 0x00000000fdf00000|  0%| F|  |TAMS 0x00000000fde00000, 0x00000000fde00000| Untracked 
|  31|0x00000000fdf00000, 0x00000000fdf00000, 0x00000000fe000000|  0%| F|  |TAMS 0x00000000fdf00000, 0x00000000fdf00000| Untracked 
|  32|0x00000000fe000000, 0x00000000fe000000, 0x00000000fe100000|  0%| F|  |TAMS 0x00000000fe000000, 0x00000000fe000000| Untracked 
|  33|0x00000000fe100000, 0x00000000fe100000, 0x00000000fe200000|  0%| F|  |TAMS 0x00000000fe100000, 0x00000000fe100000| Untracked 
|  34|0x00000000fe200000, 0x00000000fe200000, 0x00000000fe300000|  0%| F|  |TAMS 0x00000000fe200000, 0x00000000fe200000| Untracked 
|  35|0x00000000fe300000, 0x00000000fe300000, 0x00000000fe400000|  0%| F|  |TAMS 0x00000000fe300000, 0x00000000fe300000| Untracked 
|  36|0x00000000fe400000, 0x00000000fe400000, 0x00000000fe500000|  0%| F|  |TAMS 0x00000000fe400000, 0x00000000fe400000| Untracked 
|  37|0x00000000fe500000, 0x00000000fe500000, 0x00000000fe600000|  0%| F|  |TAMS 0x00000000fe500000, 0x00000000fe500000| Untracked 
|  38|0x00000000fe600000, 0x00000000fe600000, 0x00000000fe700000|  0%| F|  |TAMS 0x00000000fe600000, 0x00000000fe600000| Untracked 
|  39|0x00000000fe700000, 0x00000000fe700000, 0x00000000fe800000|  0%| F|  |TAMS 0x00000000fe700000, 0x00000000fe700000| Untracked 
|  40|0x00000000fe800000, 0x00000000fe800000, 0x00000000fe900000|  0%| F|  |TAMS 0x00000000fe800000, 0x00000000fe800000| Untracked 
|  41|0x00000000fe900000, 0x00000000fe900000, 0x00000000fea00000|  0%| F|  |TAMS 0x00000000fe900000, 0x00000000fe900000| Untracked 
|  42|0x00000000fea00000, 0x00000000fea00000, 0x00000000feb00000|  0%| F|  |TAMS 0x00000000fea00000, 0x00000000fea00000| Untracked 
|  43|0x00000000feb00000, 0x00000000feb00000, 0x00000000fec00000|  0%| F|  |TAMS 0x00000000feb00000, 0x00000000feb00000| Untracked 
|  44|0x00000000fec00000, 0x00000000fec00000, 0x00000000fed00000|  0%| F|  |TAMS 0x00000000fec00000, 0x00000000fec00000| Untracked 
|  45|0x00000000fed00000, 0x00000000fed00000, 0x00000000fee00000|  0%| F|  |TAMS 0x00000000fed00000, 0x00000000fed00000| Untracked 
|  46|0x00000000fee00000, 0x00000000fee00000, 0x00000000fef00000|  0%| F|  |TAMS 0x00000000fee00000, 0x00000000fee00000| Untracked 
|  47|0x00000000fef00000, 0x00000000fef00000, 0x00000000ff000000|  0%| F|  |TAMS 0x00000000fef00000, 0x00000000fef00000| Untracked 
|  48|0x00000000ff000000, 0x00000000ff000000, 0x00000000ff100000|  0%| F|  |TAMS 0x00000000ff000000, 0x00000000ff000000| Untracked 
|  49|0x00000000ff100000, 0x00000000ff100000, 0x00000000ff200000|  0%| F|  |TAMS 0x00000000ff100000, 0x00000000ff100000| Untracked 
|  50|0x00000000ff200000, 0x00000000ff200000, 0x00000000ff300000|  0%| F|  |TAMS 0x00000000ff200000, 0x00000000ff200000| Untracked 
|  51|0x00000000ff300000, 0x00000000ff3e1ba8, 0x00000000ff400000| 88%| S|CS|TAMS 0x00000000ff300000, 0x00000000ff300000| Complete 
|  52|0x00000000ff400000, 0x00000000ff400000, 0x00000000ff500000|  0%| F|  |TAMS 0x00000000ff400000, 0x00000000ff400000| Untracked 
|  53|0x00000000ff500000, 0x00000000ff600000, 0x00000000ff600000|100%| E|  |TAMS 0x00000000ff500000, 0x00000000ff500000| Complete 
|  54|0x00000000ff600000, 0x00000000ff700000, 0x00000000ff700000|100%| E|CS|TAMS 0x00000000ff600000, 0x00000000ff600000| Complete 
|  55|0x00000000ff700000, 0x00000000ff800000, 0x00000000ff800000|100%| E|CS|TAMS 0x00000000ff700000, 0x00000000ff700000| Complete 
|  56|0x00000000ff800000, 0x00000000ff900000, 0x00000000ff900000|100%| E|CS|TAMS 0x00000000ff800000, 0x00000000ff800000| Complete 
|  57|0x00000000ff900000, 0x00000000ffa00000, 0x00000000ffa00000|100%| E|CS|TAMS 0x00000000ff900000, 0x00000000ff900000| Complete 
|  58|0x00000000ffa00000, 0x00000000ffb00000, 0x00000000ffb00000|100%| E|CS|TAMS 0x00000000ffa00000, 0x00000000ffa00000| Complete 
|  59|0x00000000ffb00000, 0x00000000ffc00000, 0x00000000ffc00000|100%| E|CS|TAMS 0x00000000ffb00000, 0x00000000ffb00000| Complete 
|  60|0x00000000ffc00000, 0x00000000ffd00000, 0x00000000ffd00000|100%| E|CS|TAMS 0x00000000ffc00000, 0x00000000ffc00000| Complete 
|  61|0x00000000ffd00000, 0x00000000ffe00000, 0x00000000ffe00000|100%| E|CS|TAMS 0x00000000ffd00000, 0x00000000ffd00000| Complete 
|  62|0x00000000ffe00000, 0x00000000fff00000, 0x00000000fff00000|100%| E|CS|TAMS 0x00000000ffe00000, 0x00000000ffe00000| Complete 
|  63|0x00000000fff00000, 0x0000000100000000, 0x0000000100000000|100%| E|CS|TAMS 0x00000000fff00000, 0x00000000fff00000| Complete 

Card table byte_map: [0x000001cc2a480000,0x000001cc2a4a0000] _byte_map_base: 0x000001cc29ca0000

Marking Bits (Prev, Next): (CMBitMap*) 0x000001cc2c4fb908, (CMBitMap*) 0x000001cc2c4fb940
 Prev Bits: [0x000001cc2c2e0000, 0x000001cc2c3e0000)
 Next Bits: [0x000001cc3ed00000, 0x000001cc3ee00000)

Polling page: 0x000001cc2a250000

Metaspace:

Usage:
  Non-class:     13.05 MB capacity,    12.91 MB ( 99%) used,   119.56 KB ( <1%) free+waste,    20.75 KB ( <1%) overhead. 
      Class:      1.79 MB capacity,     1.67 MB ( 93%) used,   117.62 KB (  6%) free+waste,    10.44 KB ( <1%) overhead. 
       Both:     14.84 MB capacity,    14.58 MB ( 98%) used,   237.18 KB (  2%) free+waste,    31.19 KB ( <1%) overhead. 

Virtual space:
  Non-class space:       14.00 MB reserved,      13.25 MB ( 95%) committed 
      Class space:        1.00 GB reserved,       1.88 MB ( <1%) committed 
             Both:        1.01 GB reserved,      15.13 MB (  1%) committed 

Chunk freelists:
   Non-Class:  15.00 KB
       Class:  18.00 KB
        Both:  33.00 KB

MaxMetaspaceSize: 17179869184.00 GB
CompressedClassSpaceSize: 1.00 GB

CodeHeap 'non-profiled nmethods': size=120064Kb used=446Kb max_used=446Kb free=119617Kb
 bounds [0x000001cc377c0000, 0x000001cc37a30000, 0x000001cc3ed00000]
CodeHeap 'profiled nmethods': size=120000Kb used=2345Kb max_used=2345Kb free=117654Kb
 bounds [0x000001cc30290000, 0x000001cc30500000, 0x000001cc377c0000]
CodeHeap 'non-nmethods': size=5696Kb used=1098Kb max_used=1118Kb free=4597Kb
 bounds [0x000001cc2fd00000, 0x000001cc2ff70000, 0x000001cc30290000]
 total_blobs=1673 nmethods=1253 adapters=332
 compilation: enabled
              stopped_count=0, restarted_count=0
 full_count=0

Compilation events (20 events):
Event: 3.203 Thread 0x000001cc41c1c800 1221       3       java.util.StringTokenizer::scanToken (179 bytes)
Event: 3.204 Thread 0x000001cc41bc6000 nmethod 1224 0x000001cc3782f290 code [0x000001cc3782f420, 0x000001cc3782f4d8]
Event: 3.204 Thread 0x000001cc41bc6000 1225       4       java.util.HashSet::add (20 bytes)
Event: 3.205 Thread 0x000001cc41c1c800 nmethod 1221 0x000001cc304c9090 code [0x000001cc304c9420, 0x000001cc304caa18]
Event: 3.205 Thread 0x000001cc41c1c800 1220       3       java.util.StringTokenizer::skipDelimiters (116 bytes)
Event: 3.206 Thread 0x000001cc41c1c800 nmethod 1220 0x000001cc304cb210 code [0x000001cc304cb4c0, 0x000001cc304cc1e8]
Event: 3.206 Thread 0x000001cc41c1c800 1222       3       java.util.StringTokenizer::hasMoreTokens (29 bytes)
Event: 3.207 Thread 0x000001cc41c1c800 nmethod 1222 0x000001cc304cc690 code [0x000001cc304cc840, 0x000001cc304cc9e8]
Event: 3.207 Thread 0x000001cc41c1c800 1223       3       java.util.StringTokenizer::nextToken (92 bytes)
Event: 3.207 Thread 0x000001cc41c1c800 nmethod 1223 0x000001cc304cca90 code [0x000001cc304ccc80, 0x000001cc304ccff8]
Event: 3.208 Thread 0x000001cc41c1c800 1226       3       java.lang.ref.ReferenceQueue::<init> (21 bytes)
Event: 3.208 Thread 0x000001cc41c1c800 nmethod 1226 0x000001cc304cd190 code [0x000001cc304cd360, 0x000001cc304cd638]
Event: 3.212 Thread 0x000001cc41c1c800 1227       3       jdk.internal.org.objectweb.asm.Label::<init> (5 bytes)
Event: 3.212 Thread 0x000001cc41c1c800 nmethod 1227 0x000001cc304cd790 code [0x000001cc304cd940, 0x000001cc304cda98]
Event: 3.214 Thread 0x000001cc41c1c800 1228       3       jdk.internal.org.objectweb.asm.MethodVisitor::<init> (35 bytes)
Event: 3.215 Thread 0x000001cc41c1c800 nmethod 1228 0x000001cc304cdb90 code [0x000001cc304cdd60, 0x000001cc304ce048]
Event: 3.217 Thread 0x000001cc41c1c800 1229       3       java.lang.invoke.BootstrapMethodInvoker::maybeReBox (28 bytes)
Event: 3.217 Thread 0x000001cc41c1c800 nmethod 1229 0x000001cc304ce190 code [0x000001cc304ce380, 0x000001cc304ce958]
Event: 3.221 Thread 0x000001cc41c1c800 1231       3       java.lang.StringBuilder::append (8 bytes)
Event: 3.221 Thread 0x000001cc41c1c800 nmethod 1231 0x000001cc304ceb10 code [0x000001cc304cecc0, 0x000001cc304cee08]

GC Heap History (4 events):
Event: 0.911 GC heap before
{Heap before GC invocations=0 (full 0):
 garbage-first heap   total 65536K, used 19456K [0x00000000fc000000, 0x0000000100000000)
  region size 1024K, 14 young (14336K), 0 survivors (0K)
 Metaspace       used 8144K, capacity 8343K, committed 8576K, reserved 1056768K
  class space    used 754K, capacity 820K, committed 896K, reserved 1048576K
}
Event: 0.918 GC heap after
{Heap after GC invocations=1 (full 0):
 garbage-first heap   total 65536K, used 7802K [0x00000000fc000000, 0x0000000100000000)
  region size 1024K, 2 young (2048K), 2 survivors (2048K)
 Metaspace       used 8144K, capacity 8343K, committed 8576K, reserved 1056768K
  class space    used 754K, capacity 820K, committed 896K, reserved 1048576K
}
Event: 1.397 GC heap before
{Heap before GC invocations=1 (full 0):
 garbage-first heap   total 65536K, used 20090K [0x00000000fc000000, 0x0000000100000000)
  region size 1024K, 14 young (14336K), 2 survivors (2048K)
 Metaspace       used 12158K, capacity 12433K, committed 12544K, reserved 1060864K
  class space    used 1376K, capacity 1487K, committed 1536K, reserved 1048576K
}
Event: 1.400 GC heap after
{Heap after GC invocations=2 (full 0):
 garbage-first heap   total 65536K, used 8859K [0x00000000fc000000, 0x0000000100000000)
  region size 1024K, 1 young (1024K), 1 survivors (1024K)
 Metaspace       used 12158K, capacity 12433K, committed 12544K, reserved 1060864K
  class space    used 1376K, capacity 1487K, committed 1536K, reserved 1048576K
}

Deoptimization events (20 events):
Event: 3.221 Thread 0x000001cc42d01000 Uncommon trap: trap_request=0xffffff4d fr.pc=0x000001cc377eb438 relative=0x0000000000000478
Event: 3.221 Thread 0x000001cc42d01000 Uncommon trap: reason=unstable_if action=reinterpret pc=0x000001cc377eb438 method=java.lang.AbstractStringBuilder.putStringAt(ILjava/lang/String;)V @ 8 c2
Event: 3.221 Thread 0x000001cc42d01000 DEOPT PACKING pc=0x000001cc377eb438 sp=0x00000093252fecb0
Event: 3.221 Thread 0x000001cc42d01000 DEOPT UNPACKING pc=0x000001cc2fd274af sp=0x00000093252febb8 mode 2
Event: 3.223 Thread 0x000001cc42d01000 Uncommon trap: trap_request=0xffffff4d fr.pc=0x000001cc377f5b94 relative=0x0000000000000454
Event: 3.223 Thread 0x000001cc42d01000 Uncommon trap: reason=unstable_if action=reinterpret pc=0x000001cc377f5b94 method=java.lang.AbstractStringBuilder.putStringAt(ILjava/lang/String;)V @ 8 c2
Event: 3.223 Thread 0x000001cc42d01000 DEOPT PACKING pc=0x000001cc377f5b94 sp=0x00000093252fec40
Event: 3.223 Thread 0x000001cc42d01000 DEOPT UNPACKING pc=0x000001cc2fd274af sp=0x00000093252febb0 mode 2
Event: 3.223 Thread 0x000001cc42d01000 Uncommon trap: trap_request=0xffffff4d fr.pc=0x000001cc377ebdec relative=0x00000000000000cc
Event: 3.223 Thread 0x000001cc42d01000 Uncommon trap: reason=unstable_if action=reinterpret pc=0x000001cc377ebdec method=java.lang.String.getBytes([BIB)V @ 5 c2
Event: 3.223 Thread 0x000001cc42d01000 DEOPT PACKING pc=0x000001cc377ebdec sp=0x00000093252feb60
Event: 3.223 Thread 0x000001cc42d01000 DEOPT UNPACKING pc=0x000001cc2fd274af sp=0x00000093252feb28 mode 2
Event: 3.223 Thread 0x000001cc42d01000 Uncommon trap: trap_request=0xffffff4d fr.pc=0x000001cc37816240 relative=0x0000000000000380
Event: 3.223 Thread 0x000001cc42d01000 Uncommon trap: reason=unstable_if action=reinterpret pc=0x000001cc37816240 method=java.lang.AbstractStringBuilder.isLatin1()Z @ 10 c2
Event: 3.223 Thread 0x000001cc42d01000 DEOPT PACKING pc=0x000001cc37816240 sp=0x00000093252fecc0
Event: 3.223 Thread 0x000001cc42d01000 DEOPT UNPACKING pc=0x000001cc2fd274af sp=0x00000093252fec40 mode 2
Event: 3.223 Thread 0x000001cc42d01000 Uncommon trap: trap_request=0xffffff4d fr.pc=0x000001cc37825448 relative=0x0000000000000648
Event: 3.224 Thread 0x000001cc42d01000 Uncommon trap: reason=unstable_if action=reinterpret pc=0x000001cc37825448 method=java.io.BufferedInputStream.read1([BII)I @ 22 c2
Event: 3.224 Thread 0x000001cc42d01000 DEOPT PACKING pc=0x000001cc37825448 sp=0x00000093252feac0
Event: 3.224 Thread 0x000001cc42d01000 DEOPT UNPACKING pc=0x000001cc2fd274af sp=0x00000093252fea08 mode 2

Classes redefined (0 events):
No events

Internal exceptions (15 events):
Event: 0.488 Thread 0x000001cc2c4dd800 Exception <a 'java/lang/NoSuchMethodError'{0x00000000ffc13670}: 'int java.lang.invoke.DirectMethodHandle$Holder.invokeStaticInit(java.lang.Object, java.lang.Object)'> (0x00000000ffc13670) thrown at [./src/hotspot/share/interpreter/linkResolver.cpp, line 773]
Event: 0.536 Thread 0x000001cc2c4dd800 Exception <a 'java/lang/NoSuchMethodError'{0x00000000ffccf680}: 'int java.lang.invoke.DirectMethodHandle$Holder.invokeSpecial(java.lang.Object, java.lang.Object, java.lang.Object, java.lang.Object)'> (0x00000000ffccf680) thrown at [./src/hotspot/share/interpreter/linkResolver.cpp, line 773]
Event: 0.544 Thread 0x000001cc2c4dd800 Exception <a 'java/lang/NoSuchMethodError'{0x00000000ffb00230}: 'int java.lang.invoke.DirectMethodHandle$Holder.invokeSpecialIFC(java.lang.Object, java.lang.Object, int)'> (0x00000000ffb00230) thrown at [./src/hotspot/share/interpreter/linkResolver.cpp, line 773]
Event: 1.082 Thread 0x000001cc2c4dd800 Exception <a 'java/lang/NoClassDefFoundError'{0x00000000ffce3ed8}: org/slf4j/impl/StaticMarkerBinder> (0x00000000ffce3ed8) thrown at [./src/hotspot/share/classfile/systemDictionary.cpp, line 220]
Event: 1.151 Thread 0x000001cc2c4dd800 Exception <a 'java/lang/NoSuchMethodError'{0x00000000ffb78bd8}: 'java.lang.Object java.lang.invoke.DirectMethodHandle$Holder.invokeVirtual(java.lang.Object, java.lang.Object, java.lang.Object, java.lang.Object, java.lang.Object)'> (0x00000000ffb78bd8) thrown at [./src/hotspot/share/interpreter/linkResolver.cpp, line 773]
Event: 1.281 Thread 0x000001cc2c4dd800 Exception <a 'java/lang/NoSuchMethodError'{0x00000000ff719aa8}: 'java.lang.Object java.lang.invoke.Invokers$Holder.invoker(java.lang.Object, java.lang.Object, java.lang.Object, java.lang.Object, java.lang.Object)'> (0x00000000ff719aa8) thrown at [./src/hotspot/share/interpreter/linkResolver.cpp, line 773]
Event: 1.284 Thread 0x000001cc2c4dd800 Exception <a 'java/lang/NoSuchMethodError'{0x00000000ff72a810}: 'void java.lang.invoke.DelegatingMethodHandle$Holder.delegate(java.lang.Object, java.lang.Object, int, java.lang.Object)'> (0x00000000ff72a810) thrown at [./src/hotspot/share/interpreter/linkResolver.cpp, line 773]
Event: 1.375 Thread 0x000001cc2c4dd800 Exception <a 'java/lang/NoSuchMethodError'{0x00000000ff435390}: 'java.lang.Object java.lang.invoke.DirectMethodHandle$Holder.invokeStaticInit(java.lang.Object, java.lang.Object, java.lang.Object)'> (0x00000000ff435390) thrown at [./src/hotspot/share/interpreter/linkResolver.cpp, line 773]
Event: 1.483 Thread 0x000001cc2c4dd800 Exception <a 'java/lang/NoSuchMethodError'{0x00000000ffc517b0}: 'java.lang.Object java.lang.invoke.DirectMethodHandle$Holder.invokeStaticInit(java.lang.Object, int, int, int, int)'> (0x00000000ffc517b0) thrown at [./src/hotspot/share/interpreter/linkResolver.cpp, line 773]
Event: 1.795 Thread 0x000001cc2c4dd800 Exception <a 'java/lang/NoSuchMethodError'{0x00000000ffca2538}: 'java.lang.Object java.lang.invoke.DirectMethodHandle$Holder.invokeStaticInit(java.lang.Object, java.lang.Object, int, int, int, int)'> (0x00000000ffca2538) thrown at [./src/hotspot/share/interpreter/linkResolver.cpp, line 773]
Event: 3.172 Thread 0x000001cc42d01000 Exception <a 'java/lang/NoSuchMethodError'{0x00000000ff508d50}: 'void java.lang.invoke.DirectMethodHandle$Holder.invokeStatic(java.lang.Object, long)'> (0x00000000ff508d50) thrown at [./src/hotspot/share/interpreter/linkResolver.cpp, line 773]
Event: 3.172 Thread 0x000001cc42d01000 Exception <a 'java/lang/NoSuchMethodError'{0x00000000ff50dfa0}: 'java.lang.Object java.lang.invoke.DirectMethodHandle$Holder.invokeStatic(java.lang.Object, long)'> (0x00000000ff50dfa0) thrown at [./src/hotspot/share/interpreter/linkResolver.cpp, line 773]
Event: 3.175 Thread 0x000001cc42d01000 Exception <a 'java/lang/NoSuchMethodError'{0x00000000ff51c040}: 'java.lang.Object java.lang.invoke.DirectMethodHandle$Holder.invokeStaticInit(java.lang.Object, java.lang.Object, long, java.lang.Object)'> (0x00000000ff51c040) thrown at [./src/hotspot/share/interpreter/linkResolver.cpp, line 773]
Event: 3.175 Thread 0x000001cc42d01000 Exception <a 'java/lang/NoSuchMethodError'{0x00000000ff521f68}: 'java.lang.Object java.lang.invoke.DirectMethodHandle$Holder.invokeStatic(java.lang.Object, java.lang.Object, long)'> (0x00000000ff521f68) thrown at [./src/hotspot/share/interpreter/linkResolver.cpp, line 773]
Event: 3.176 Thread 0x000001cc42d01000 Exception <a 'java/lang/NoSuchMethodError'{0x00000000ff528238}: 'java.lang.Object java.lang.invoke.Invokers$Holder.linkToTargetMethod(java.lang.Object, long, java.lang.Object)'> (0x00000000ff528238) thrown at [./src/hotspot/share/interpreter/linkResolver.cpp, line 773]

Events (20 events):
Event: 3.216 loading class sun/util/locale/provider/LocaleResources$ResourceReference
Event: 3.216 loading class sun/util/locale/provider/LocaleResources$ResourceReference done
Event: 3.216 loading class java/text/DecimalFormatSymbols
Event: 3.216 loading class java/text/DecimalFormatSymbols done
Event: 3.217 loading class java/text/spi/DecimalFormatSymbolsProvider
Event: 3.217 loading class java/text/spi/DecimalFormatSymbolsProvider done
Event: 3.218 loading class sun/util/locale/provider/DecimalFormatSymbolsProviderImpl
Event: 3.218 loading class sun/util/locale/provider/DecimalFormatSymbolsProviderImpl done
Event: 3.218 loading class java/text/DecimalFormat
Event: 3.219 loading class java/text/DecimalFormat done
Event: 3.220 loading class java/text/FieldPosition
Event: 3.220 loading class java/text/FieldPosition done
Event: 3.220 loading class java/text/DigitList
Event: 3.220 loading class java/text/DigitList done
Event: 3.220 loading class java/math/RoundingMode
Event: 3.221 loading class java/math/RoundingMode done
Event: 3.223 loading class java/io/PrintWriter
Event: 3.223 loading class java/io/PrintWriter done
Event: 3.223 Executing VM operation: RevokeBias
Event: 3.224 Executing VM operation: RevokeBias done


Dynamic libraries:
0x00007ff77a960000 - 0x00007ff77a96a000 	C:\Users\Kujovic\AppData\Local\JetBrains\Toolbox\apps\IDEA-E\ch-0\202.7660.52\jbr\bin\java.exe
0x00007ffefc4a0000 - 0x00007ffefc690000 	C:\WINDOWS\SYSTEM32\ntdll.dll
0x00007ffefb030000 - 0x00007ffefb0e2000 	C:\WINDOWS\System32\KERNEL32.DLL
0x00007ffef9f60000 - 0x00007ffefa205000 	C:\WINDOWS\System32\KERNELBASE.dll
0x00007ffefa3b0000 - 0x00007ffefa4aa000 	C:\WINDOWS\System32\ucrtbase.dll
0x00007ffee3030000 - 0x00007ffee3047000 	C:\Users\Kujovic\AppData\Local\JetBrains\Toolbox\apps\IDEA-E\ch-0\202.7660.52\jbr\bin\VCRUNTIME140.dll
0x00007ffef37b0000 - 0x00007ffef37c9000 	C:\Users\Kujovic\AppData\Local\JetBrains\Toolbox\apps\IDEA-E\ch-0\202.7660.52\jbr\bin\jli.dll
0x00007ffefad50000 - 0x00007ffefaee4000 	C:\WINDOWS\System32\USER32.dll
0x00007ffef95d0000 - 0x00007ffef95f1000 	C:\WINDOWS\System32\win32u.dll
0x00007ffee1790000 - 0x00007ffee1a14000 	C:\WINDOWS\WinSxS\amd64_microsoft.windows.common-controls_6595b64144ccf1df_6.0.18362.1198_none_9e820b57e45ad92f\COMCTL32.dll
0x00007ffefc340000 - 0x00007ffefc366000 	C:\WINDOWS\System32\GDI32.dll
0x00007ffefb210000 - 0x00007ffefb2ae000 	C:\WINDOWS\System32\msvcrt.dll
0x00007ffef9600000 - 0x00007ffef9796000 	C:\WINDOWS\System32\gdi32full.dll
0x00007ffefa4b0000 - 0x00007ffefa54e000 	C:\WINDOWS\System32\msvcp_win.dll
0x00007ffefa8e0000 - 0x00007ffefac15000 	C:\WINDOWS\System32\combase.dll
0x00007ffefb0f0000 - 0x00007ffefb210000 	C:\WINDOWS\System32\RPCRT4.dll
0x00007ffef9550000 - 0x00007ffef95d0000 	C:\WINDOWS\System32\bcryptPrimitives.dll
0x00007ffefc430000 - 0x00007ffefc45e000 	C:\WINDOWS\System32\IMM32.DLL
0x00007ffed6790000 - 0x00007ffed682d000 	C:\Users\Kujovic\AppData\Local\JetBrains\Toolbox\apps\IDEA-E\ch-0\202.7660.52\jbr\bin\msvcp140.dll
0x00007ffe968f0000 - 0x00007ffe973ad000 	C:\Users\Kujovic\AppData\Local\JetBrains\Toolbox\apps\IDEA-E\ch-0\202.7660.52\jbr\bin\server\jvm.dll
0x00007ffefc370000 - 0x00007ffefc413000 	C:\WINDOWS\System32\ADVAPI32.dll
0x00007ffefa840000 - 0x00007ffefa8d7000 	C:\WINDOWS\System32\sechost.dll
0x00007ffefb2b0000 - 0x00007ffefb2b8000 	C:\WINDOWS\System32\PSAPI.DLL
0x00007ffef3910000 - 0x00007ffef3919000 	C:\WINDOWS\SYSTEM32\WSOCK32.dll
0x00007ffef6510000 - 0x00007ffef6534000 	C:\WINDOWS\SYSTEM32\WINMM.dll
0x00007ffefb9c0000 - 0x00007ffefba2f000 	C:\WINDOWS\System32\WS2_32.dll
0x00007ffeeda20000 - 0x00007ffeeda2a000 	C:\WINDOWS\SYSTEM32\VERSION.dll
0x00007ffef5f20000 - 0x00007ffef5f4d000 	C:\WINDOWS\SYSTEM32\WINMMBASE.dll
0x00007ffefa360000 - 0x00007ffefa3aa000 	C:\WINDOWS\System32\cfgmgr32.dll
0x00007ffef93b0000 - 0x00007ffef93c1000 	C:\WINDOWS\System32\kernel.appcore.dll
0x00007ffee2850000 - 0x00007ffee2861000 	C:\Users\Kujovic\AppData\Local\JetBrains\Toolbox\apps\IDEA-E\ch-0\202.7660.52\jbr\bin\verify.dll
0x00007ffeeaae0000 - 0x00007ffeeacd4000 	C:\WINDOWS\SYSTEM32\DBGHELP.DLL
0x00007ffee8f60000 - 0x00007ffee8f8a000 	C:\WINDOWS\SYSTEM32\dbgcore.DLL
0x00007ffee2820000 - 0x00007ffee2849000 	C:\Users\Kujovic\AppData\Local\JetBrains\Toolbox\apps\IDEA-E\ch-0\202.7660.52\jbr\bin\java.dll
0x00007ffef5b50000 - 0x00007ffef5b5b000 	C:\Users\Kujovic\AppData\Local\JetBrains\Toolbox\apps\IDEA-E\ch-0\202.7660.52\jbr\bin\jimage.dll
0x00007ffee2800000 - 0x00007ffee2818000 	C:\Users\Kujovic\AppData\Local\JetBrains\Toolbox\apps\IDEA-E\ch-0\202.7660.52\jbr\bin\zip.dll
0x00007ffefb2d0000 - 0x00007ffefb9b7000 	C:\WINDOWS\System32\SHELL32.dll
0x00007ffefac20000 - 0x00007ffefacc9000 	C:\WINDOWS\System32\shcore.dll
0x00007ffef97a0000 - 0x00007ffef9f21000 	C:\WINDOWS\System32\windows.storage.dll
0x00007ffef93f0000 - 0x00007ffef9413000 	C:\WINDOWS\System32\profapi.dll
0x00007ffef9360000 - 0x00007ffef93aa000 	C:\WINDOWS\System32\powrprof.dll
0x00007ffef9350000 - 0x00007ffef9360000 	C:\WINDOWS\System32\UMPDC.dll
0x00007ffefa7e0000 - 0x00007ffefa832000 	C:\WINDOWS\System32\shlwapi.dll
0x00007ffef9530000 - 0x00007ffef9547000 	C:\WINDOWS\System32\cryptsp.dll
0x00007ffee27e0000 - 0x00007ffee27fa000 	C:\Users\Kujovic\AppData\Local\JetBrains\Toolbox\apps\IDEA-E\ch-0\202.7660.52\jbr\bin\net.dll
0x00007ffeedd20000 - 0x00007ffeede10000 	C:\WINDOWS\SYSTEM32\WINHTTP.dll
0x00007ffef8b40000 - 0x00007ffef8ba7000 	C:\WINDOWS\system32\mswsock.dll
0x00007ffee2730000 - 0x00007ffee2744000 	C:\Users\Kujovic\AppData\Local\JetBrains\Toolbox\apps\IDEA-E\ch-0\202.7660.52\jbr\bin\nio.dll
0x00007ffec5110000 - 0x00007ffec5137000 	C:\Users\Kujovic\.gradle\native\9f2fa17c089eee584f3420100432f77ec4c098959e4bf121a4d6054c26537dfb\windows-amd64\native-platform.dll
0x00007ffef5ac0000 - 0x00007ffef5aca000 	C:\Users\Kujovic\AppData\Local\JetBrains\Toolbox\apps\IDEA-E\ch-0\202.7660.52\jbr\bin\management.dll
0x00007ffeed630000 - 0x00007ffeed63c000 	C:\Users\Kujovic\AppData\Local\JetBrains\Toolbox\apps\IDEA-E\ch-0\202.7660.52\jbr\bin\management_ext.dll
0x00007ffef86b0000 - 0x00007ffef86e3000 	C:\WINDOWS\system32\rsaenh.dll
0x00007ffef9f30000 - 0x00007ffef9f56000 	C:\WINDOWS\System32\bcrypt.dll
0x00007ffef9230000 - 0x00007ffef9255000 	C:\WINDOWS\SYSTEM32\USERENV.dll
0x00007ffef8d10000 - 0x00007ffef8d1c000 	C:\WINDOWS\SYSTEM32\CRYPTBASE.dll
0x00007ffef8850000 - 0x00007ffef888a000 	C:\WINDOWS\SYSTEM32\IPHLPAPI.DLL
0x00007ffefc420000 - 0x00007ffefc428000 	C:\WINDOWS\System32\NSI.dll
0x00007ffeeeac0000 - 0x00007ffeeead6000 	C:\WINDOWS\SYSTEM32\dhcpcsvc6.DLL
0x00007ffeeec60000 - 0x00007ffeeec7c000 	C:\WINDOWS\SYSTEM32\dhcpcsvc.DLL
0x00007ffef8890000 - 0x00007ffef895b000 	C:\WINDOWS\SYSTEM32\DNSAPI.dll
0x00007ffeeeca0000 - 0x00007ffeeecab000 	C:\WINDOWS\SYSTEM32\WINNSI.DLL

dbghelp: loaded successfully - version: 4.0.5 - missing functions: none
symbol engine: initialized successfully - sym options: 0x614 - pdb path: .;C:\Users\Kujovic\AppData\Local\JetBrains\Toolbox\apps\IDEA-E\ch-0\202.7660.52\jbr\bin;C:\WINDOWS\SYSTEM32;C:\WINDOWS\WinSxS\amd64_microsoft.windows.common-controls_6595b64144ccf1df_6.0.18362.1198_none_9e820b57e45ad92f;C:\Users\Kujovic\AppData\Local\JetBrains\Toolbox\apps\IDEA-E\ch-0\202.7660.52\jbr\bin\server;C:\Users\Kujovic\.gradle\native\9f2fa17c089eee584f3420100432f77ec4c098959e4bf121a4d6054c26537dfb\windows-amd64

VM Arguments:
jvm_args: -Xmx64m -Xms64m -Dorg.gradle.appname=gradlew 
java_command: org.gradle.wrapper.GradleWrapperMain :Bulls_and_Cows-task:testClasses
java_class_path (initial): C:\Users\Kujovic\IdeaProjects\Bulls and Cows\\gradle\wrapper\gradle-wrapper.jar
Launcher Type: SUN_STANDARD

[Global flags]
     intx CICompilerCount                          = 3                                         {product} {ergonomic}
     uint ConcGCThreads                            = 1                                         {product} {ergonomic}
     uint G1ConcRefinementThreads                  = 4                                         {product} {ergonomic}
   size_t G1HeapRegionSize                         = 1048576                                   {product} {ergonomic}
    uintx GCDrainStackTargetSize                   = 64                                        {product} {ergonomic}
   size_t InitialHeapSize                          = 67108864                                  {product} {command line}
   size_t MarkStackSize                            = 4194304                                   {product} {ergonomic}
   size_t MaxHeapSize                              = 67108864                                  {product} {command line}
   size_t MaxNewSize                               = 39845888                                  {product} {ergonomic}
   size_t MinHeapDeltaBytes                        = 1048576                                   {product} {ergonomic}
    uintx NonNMethodCodeHeapSize                   = 5830732                                {pd product} {ergonomic}
    uintx NonProfiledCodeHeapSize                  = 122913754                              {pd product} {ergonomic}
    uintx ProfiledCodeHeapSize                     = 122913754                              {pd product} {ergonomic}
    uintx ReservedCodeCacheSize                    = 251658240                              {pd product} {ergonomic}
     bool SegmentedCodeCache                       = true                                      {product} {ergonomic}
     bool UseCompressedClassPointers               = true                                 {lp64_product} {ergonomic}
     bool UseCompressedOops                        = true                                 {lp64_product} {ergonomic}
     bool UseG1GC                                  = true                                      {product} {ergonomic}
     bool UseLargePagesIndividualAllocation        = false                                  {pd product} {ergonomic}

Logging:
Log output configuration:
 #0: stdout all=warning uptime,level,tags
 #1: stderr all=off uptime,level,tags

Environment Variables:
JAVA_HOME=C:\Users\Kujovic\AppData\Local\JetBrains\Toolbox\apps\IDEA-E\ch-0\202.7660.52\jbr
CLASSPATH=C:\Users\Kujovic\IdeaProjects\Bulls and Cows\\gradle\wrapper\gradle-wrapper.jar
PATH=C:\Program Files\Java\jdk-13.0.1\bin;C:\Program Files\Git\cmd;C:\WINDOWS\system32;C:\WINDOWS;C:\WINDOWS\System32\Wbem;C:\WINDOWS\System32\WindowsPowerShell\v1.0\;C:\WINDOWS\System32\OpenSSH\;C:\sqlite;C:\Users\Kujovic\AppData\Local\Microsoft\WindowsApps;C:\Users\Kujovic\AppData\Local\Programs\MiKTeX 2.9\miktex\bin\x64\;C:\Users\Kujovic\AppData\Local\Programs\Microsoft VS Code\bin;C:\Users\Kujovic\AppData\Local\Microsoft\WindowsApps
USERNAME=Kujovic
OS=Windows_NT
PROCESSOR_IDENTIFIER=Intel64 Family 6 Model 69 Stepping 1, GenuineIntel



---------------  S Y S T E M  ---------------

OS: Windows 10 , 64 bit Build 18362 (10.0.18362.1110)
OS uptime: 1 days 9:39 hours

CPU:total 4 (initial active 4) (2 cores per cpu, 2 threads per core) family 6 model 69 stepping 1, cmov, cx8, fxsr, mmx, sse, sse2, sse3, ssse3, sse4.1, sse4.2, popcnt, avx, avx2, aes, clmul, erms, lzcnt, ht, tsc, tscinvbit, bmi1, bmi2, fma

Memory: 4k page, system-wide physical 16276M (4229M free)
TotalPageFile size 30857M (AvailPageFile size 4M)
current process WorkingSet (physical memory assigned to process): 87M, peak: 87M
current process commit charge ("private bytes"): 156M, peak: 156M

vm_info: OpenJDK 64-Bit Server VM (11.0.8+10-b944.34) for windows-amd64 JRE (11.0.8+10-b944.34), built on Sep 11 2020 15:32:11 by "" with MS VC++ 14.0 (VS2015)

END.
